生成启动时间为 2015/11/13 15:40:55。
     1>项目“C:\Users\wang2\Desktop\图像处理 图像增强 锐化 平滑\ImageProcessing\ImageProcessing.vcxproj”在节点 2 上(Build 个目标)。
     1>ClCompile:
         C:\Program Files (x86)\Microsoft Visual Studio 12.0\VC\bin\CL.exe /c /Zi /nologo /W3 /WX- /O2 /Oy- /D WIN32 /D NDEBUG /D _WINDOWS /D _VC80_UPGRADE=0x0600 /D _MBCS /D _AFXDLL /GF /Gm- /EHsc /MD /GS /Gy /fp:precise /Zc:wchar_t /Zc:forScope /Yc"stdafx.h" /Fp".\Release\ImageProcessing.pch" /Fo".\Release\\" /Fd".\Release\vc120.pdb" /Gd /TP /analyze- /errorReport:prompt StdAfx.cpp
         StdAfx.cpp
     1>C:\Program Files (x86)\Microsoft Visual Studio 12.0\VC\atlmfc\include\afx.h(38): warning C4996: 'MBCS_Support_Deprecated_In_MFC': MBCS support in MFC is deprecated and may be removed in a future version of MFC.
                 C:\Program Files (x86)\Microsoft Visual Studio 12.0\VC\atlmfc\include\afx.h(33) : 参见“MBCS_Support_Deprecated_In_MFC”的声明
         _WIN32_WINNT not defined. Defaulting to _WIN32_WINNT_MAXVER (see WinSDKVer.h)
         C:\Program Files (x86)\Microsoft Visual Studio 12.0\VC\bin\CL.exe /c /Zi /nologo /W3 /WX- /O2 /Oy- /D WIN32 /D NDEBUG /D _WINDOWS /D _VC80_UPGRADE=0x0600 /D _MBCS /D _AFXDLL /GF /Gm- /EHsc /MD /GS /Gy /fp:precise /Zc:wchar_t /Zc:forScope /Yu"stdafx.h" /Fp".\Release\ImageProcessing.pch" /Fo".\Release\\" /Fd".\Release\vc120.pdb" /Gd /TP /analyze- /errorReport:prompt ImageCYDlg.cpp ImageProcessing.cpp ImageProcessingDoc.cpp ImageProcessingView.cpp ImagePYDlg.cpp ImageSFDlg.cpp ImageXZDlg.cpp ImageZFTDlg.cpp MainFrm.cpp
         ImageCYDlg.cpp
         ImageProcessing.cpp
     1>ImageProcessing.cpp(60): warning C4996: 'CWinApp::Enable3dControls': CWinApp::Enable3dControls is no longer needed. You should remove this call.
                 C:\Program Files (x86)\Microsoft Visual Studio 12.0\VC\atlmfc\include\afxwin.h(5178) : 参见“CWinApp::Enable3dControls”的声明
         ImageProcessingDoc.cpp
         ImageProcessingView.cpp
     1>ImageProcessingView.cpp(389): warning C4996: 'fopen': This function or variable may be unsafe. Consider using fopen_s instead. To disable deprecation, use _CRT_SECURE_NO_WARNINGS. See online help for details.
                 C:\Program Files (x86)\Microsoft Visual Studio 12.0\VC\include\stdio.h(211) : 参见“fopen”的声明
     1>ImageProcessingView.cpp(459): warning C4996: 'fopen': This function or variable may be unsafe. Consider using fopen_s instead. To disable deprecation, use _CRT_SECURE_NO_WARNINGS. See online help for details.
                 C:\Program Files (x86)\Microsoft Visual Studio 12.0\VC\include\stdio.h(211) : 参见“fopen”的声明
     1>ImageProcessingView.cpp(460): warning C4996: 'fopen': This function or variable may be unsafe. Consider using fopen_s instead. To disable deprecation, use _CRT_SECURE_NO_WARNINGS. See online help for details.
                 C:\Program Files (x86)\Microsoft Visual Studio 12.0\VC\include\stdio.h(211) : 参见“fopen”的声明
     1>ImageProcessingView.cpp(535): warning C4996: 'fopen': This function or variable may be unsafe. Consider using fopen_s instead. To disable deprecation, use _CRT_SECURE_NO_WARNINGS. See online help for details.
                 C:\Program Files (x86)\Microsoft Visual Studio 12.0\VC\include\stdio.h(211) : 参见“fopen”的声明
     1>ImageProcessingView.cpp(536): warning C4996: 'fopen': This function or variable may be unsafe. Consider using fopen_s instead. To disable deprecation, use _CRT_SECURE_NO_WARNINGS. See online help for details.
                 C:\Program Files (x86)\Microsoft Visual Studio 12.0\VC\include\stdio.h(211) : 参见“fopen”的声明
     1>ImageProcessingView.cpp(552): warning C4018: “<”: 有符号/无符号不匹配
     1>ImageProcessingView.cpp(584): warning C4996: 'fopen': This function or variable may be unsafe. Consider using fopen_s instead. To disable deprecation, use _CRT_SECURE_NO_WARNINGS. See online help for details.
                 C:\Program Files (x86)\Microsoft Visual Studio 12.0\VC\include\stdio.h(211) : 参见“fopen”的声明
     1>ImageProcessingView.cpp(585): warning C4996: 'fopen': This function or variable may be unsafe. Consider using fopen_s instead. To disable deprecation, use _CRT_SECURE_NO_WARNINGS. See online help for details.
                 C:\Program Files (x86)\Microsoft Visual Studio 12.0\VC\include\stdio.h(211) : 参见“fopen”的声明
     1>ImageProcessingView.cpp(595): warning C4018: “<”: 有符号/无符号不匹配
     1>ImageProcessingView.cpp(622): warning C4996: 'fopen': This function or variable may be unsafe. Consider using fopen_s instead. To disable deprecation, use _CRT_SECURE_NO_WARNINGS. See online help for details.
                 C:\Program Files (x86)\Microsoft Visual Studio 12.0\VC\include\stdio.h(211) : 参见“fopen”的声明
     1>ImageProcessingView.cpp(623): warning C4996: 'fopen': This function or variable may be unsafe. Consider using fopen_s instead. To disable deprecation, use _CRT_SECURE_NO_WARNINGS. See online help for details.
                 C:\Program Files (x86)\Microsoft Visual Studio 12.0\VC\include\stdio.h(211) : 参见“fopen”的声明
     1>ImageProcessingView.cpp(631): warning C4018: “<”: 有符号/无符号不匹配
     1>ImageProcessingView.cpp(662): warning C4996: 'fopen': This function or variable may be unsafe. Consider using fopen_s instead. To disable deprecation, use _CRT_SECURE_NO_WARNINGS. See online help for details.
                 C:\Program Files (x86)\Microsoft Visual Studio 12.0\VC\include\stdio.h(211) : 参见“fopen”的声明
     1>ImageProcessingView.cpp(663): warning C4996: 'fopen': This function or variable may be unsafe. Consider using fopen_s instead. To disable deprecation, use _CRT_SECURE_NO_WARNINGS. See online help for details.
                 C:\Program Files (x86)\Microsoft Visual Studio 12.0\VC\include\stdio.h(211) : 参见“fopen”的声明
     1>ImageProcessingView.cpp(672): warning C4018: “<”: 有符号/无符号不匹配
     1>ImageProcessingView.cpp(716): warning C4996: 'fopen': This function or variable may be unsafe. Consider using fopen_s instead. To disable deprecation, use _CRT_SECURE_NO_WARNINGS. See online help for details.
                 C:\Program Files (x86)\Microsoft Visual Studio 12.0\VC\include\stdio.h(211) : 参见“fopen”的声明
     1>ImageProcessingView.cpp(717): warning C4996: 'fopen': This function or variable may be unsafe. Consider using fopen_s instead. To disable deprecation, use _CRT_SECURE_NO_WARNINGS. See online help for details.
                 C:\Program Files (x86)\Microsoft Visual Studio 12.0\VC\include\stdio.h(211) : 参见“fopen”的声明
     1>ImageProcessingView.cpp(724): warning C4018: “<”: 有符号/无符号不匹配
     1>ImageProcessingView.cpp(757): warning C4996: 'fopen': This function or variable may be unsafe. Consider using fopen_s instead. To disable deprecation, use _CRT_SECURE_NO_WARNINGS. See online help for details.
                 C:\Program Files (x86)\Microsoft Visual Studio 12.0\VC\include\stdio.h(211) : 参见“fopen”的声明
     1>ImageProcessingView.cpp(758): warning C4996: 'fopen': This function or variable may be unsafe. Consider using fopen_s instead. To disable deprecation, use _CRT_SECURE_NO_WARNINGS. See online help for details.
                 C:\Program Files (x86)\Microsoft Visual Studio 12.0\VC\include\stdio.h(211) : 参见“fopen”的声明
     1>ImageProcessingView.cpp(767): warning C4018: “<”: 有符号/无符号不匹配
     1>ImageProcessingView.cpp(801): warning C4996: 'fopen': This function or variable may be unsafe. Consider using fopen_s instead. To disable deprecation, use _CRT_SECURE_NO_WARNINGS. See online help for details.
                 C:\Program Files (x86)\Microsoft Visual Studio 12.0\VC\include\stdio.h(211) : 参见“fopen”的声明
     1>ImageProcessingView.cpp(802): warning C4996: 'fopen': This function or variable may be unsafe. Consider using fopen_s instead. To disable deprecation, use _CRT_SECURE_NO_WARNINGS. See online help for details.
                 C:\Program Files (x86)\Microsoft Visual Studio 12.0\VC\include\stdio.h(211) : 参见“fopen”的声明
     1>ImageProcessingView.cpp(811): warning C4018: “<”: 有符号/无符号不匹配
     1>ImageProcessingView.cpp(856): warning C4996: 'fopen': This function or variable may be unsafe. Consider using fopen_s instead. To disable deprecation, use _CRT_SECURE_NO_WARNINGS. See online help for details.
                 C:\Program Files (x86)\Microsoft Visual Studio 12.0\VC\include\stdio.h(211) : 参见“fopen”的声明
     1>ImageProcessingView.cpp(857): warning C4996: 'fopen': This function or variable may be unsafe. Consider using fopen_s instead. To disable deprecation, use _CRT_SECURE_NO_WARNINGS. See online help for details.
                 C:\Program Files (x86)\Microsoft Visual Studio 12.0\VC\include\stdio.h(211) : 参见“fopen”的声明
     1>ImageProcessingView.cpp(938): warning C4996: 'fopen': This function or variable may be unsafe. Consider using fopen_s instead. To disable deprecation, use _CRT_SECURE_NO_WARNINGS. See online help for details.
                 C:\Program Files (x86)\Microsoft Visual Studio 12.0\VC\include\stdio.h(211) : 参见“fopen”的声明
     1>ImageProcessingView.cpp(953): warning C4018: “<”: 有符号/无符号不匹配
     1>ImageProcessingView.cpp(979): warning C4244: “=”: 从“double”转换到“float”，可能丢失数据
     1>ImageProcessingView.cpp(980): warning C4244: “=”: 从“double”转换到“float”，可能丢失数据
     1>ImageProcessingView.cpp(981): warning C4244: “=”: 从“double”转换到“float”，可能丢失数据
     1>ImageProcessingView.cpp(997): warning C4018: “>=”: 有符号/无符号不匹配
     1>ImageProcessingView.cpp(1006): warning C4018: “>=”: 有符号/无符号不匹配
     1>ImageProcessingView.cpp(1015): warning C4018: “>=”: 有符号/无符号不匹配
     1>ImageProcessingView.cpp(1041): warning C4244: “=”: 从“double”转换到“float”，可能丢失数据
     1>ImageProcessingView.cpp(1042): warning C4244: “=”: 从“double”转换到“float”，可能丢失数据
     1>ImageProcessingView.cpp(1043): warning C4244: “=”: 从“double”转换到“float”，可能丢失数据
     1>ImageProcessingView.cpp(1078): warning C4996: 'fopen': This function or variable may be unsafe. Consider using fopen_s instead. To disable deprecation, use _CRT_SECURE_NO_WARNINGS. See online help for details.
                 C:\Program Files (x86)\Microsoft Visual Studio 12.0\VC\include\stdio.h(211) : 参见“fopen”的声明
     1>ImageProcessingView.cpp(1079): warning C4996: 'fopen': This function or variable may be unsafe. Consider using fopen_s instead. To disable deprecation, use _CRT_SECURE_NO_WARNINGS. See online help for details.
                 C:\Program Files (x86)\Microsoft Visual Studio 12.0\VC\include\stdio.h(211) : 参见“fopen”的声明
     1>ImageProcessingView.cpp(1088): warning C4018: “<”: 有符号/无符号不匹配
     1>ImageProcessingView.cpp(1086): warning C4101: “color”: 未引用的局部变量
     1>ImageProcessingView.cpp(1131): warning C4996: 'fopen': This function or variable may be unsafe. Consider using fopen_s instead. To disable deprecation, use _CRT_SECURE_NO_WARNINGS. See online help for details.
                 C:\Program Files (x86)\Microsoft Visual Studio 12.0\VC\include\stdio.h(211) : 参见“fopen”的声明
     1>ImageProcessingView.cpp(1132): warning C4996: 'fopen': This function or variable may be unsafe. Consider using fopen_s instead. To disable deprecation, use _CRT_SECURE_NO_WARNINGS. See online help for details.
                 C:\Program Files (x86)\Microsoft Visual Studio 12.0\VC\include\stdio.h(211) : 参见“fopen”的声明
     1>ImageProcessingView.cpp(1140): warning C4018: “<”: 有符号/无符号不匹配
     1>ImageProcessingView.cpp(1149): warning C4244: “=”: 从“double”转换到“unsigned char”，可能丢失数据
     1>ImageProcessingView.cpp(1154): warning C4244: “=”: 从“double”转换到“unsigned char”，可能丢失数据
     1>ImageProcessingView.cpp(1159): warning C4244: “=”: 从“double”转换到“unsigned char”，可能丢失数据
     1>ImageProcessingView.cpp(1138): warning C4101: “color”: 未引用的局部变量
     1>ImageProcessingView.cpp(1182): warning C4996: 'fopen': This function or variable may be unsafe. Consider using fopen_s instead. To disable deprecation, use _CRT_SECURE_NO_WARNINGS. See online help for details.
                 C:\Program Files (x86)\Microsoft Visual Studio 12.0\VC\include\stdio.h(211) : 参见“fopen”的声明
     1>ImageProcessingView.cpp(1183): warning C4996: 'fopen': This function or variable may be unsafe. Consider using fopen_s instead. To disable deprecation, use _CRT_SECURE_NO_WARNINGS. See online help for details.
                 C:\Program Files (x86)\Microsoft Visual Studio 12.0\VC\include\stdio.h(211) : 参见“fopen”的声明
     1>ImageProcessingView.cpp(1191): warning C4018: “<”: 有符号/无符号不匹配
     1>ImageProcessingView.cpp(1197): warning C4244: “=”: 从“double”转换到“unsigned char”，可能丢失数据
     1>ImageProcessingView.cpp(1198): warning C4244: “=”: 从“double”转换到“unsigned char”，可能丢失数据
     1>ImageProcessingView.cpp(1199): warning C4244: “=”: 从“double”转换到“unsigned char”，可能丢失数据
     1>ImageProcessingView.cpp(1189): warning C4101: “color”: 未引用的局部变量
     1>ImageProcessingView.cpp(1222): warning C4996: 'fopen': This function or variable may be unsafe. Consider using fopen_s instead. To disable deprecation, use _CRT_SECURE_NO_WARNINGS. See online help for details.
                 C:\Program Files (x86)\Microsoft Visual Studio 12.0\VC\include\stdio.h(211) : 参见“fopen”的声明
     1>ImageProcessingView.cpp(1223): warning C4996: 'fopen': This function or variable may be unsafe. Consider using fopen_s instead. To disable deprecation, use _CRT_SECURE_NO_WARNINGS. See online help for details.
                 C:\Program Files (x86)\Microsoft Visual Studio 12.0\VC\include\stdio.h(211) : 参见“fopen”的声明
     1>ImageProcessingView.cpp(1231): warning C4018: “<”: 有符号/无符号不匹配
     1>ImageProcessingView.cpp(1229): warning C4101: “color”: 未引用的局部变量
     1>ImageProcessingView.cpp(1272): warning C4996: 'fopen': This function or variable may be unsafe. Consider using fopen_s instead. To disable deprecation, use _CRT_SECURE_NO_WARNINGS. See online help for details.
                 C:\Program Files (x86)\Microsoft Visual Studio 12.0\VC\include\stdio.h(211) : 参见“fopen”的声明
     1>ImageProcessingView.cpp(1273): warning C4996: 'fopen': This function or variable may be unsafe. Consider using fopen_s instead. To disable deprecation, use _CRT_SECURE_NO_WARNINGS. See online help for details.
                 C:\Program Files (x86)\Microsoft Visual Studio 12.0\VC\include\stdio.h(211) : 参见“fopen”的声明
     1>ImageProcessingView.cpp(1282): warning C4018: “<”: 有符号/无符号不匹配
     1>ImageProcessingView.cpp(1280): warning C4101: “color”: 未引用的局部变量
     1>ImageProcessingView.cpp(1314): warning C4996: 'fopen': This function or variable may be unsafe. Consider using fopen_s instead. To disable deprecation, use _CRT_SECURE_NO_WARNINGS. See online help for details.
                 C:\Program Files (x86)\Microsoft Visual Studio 12.0\VC\include\stdio.h(211) : 参见“fopen”的声明
     1>ImageProcessingView.cpp(1315): warning C4996: 'fopen': This function or variable may be unsafe. Consider using fopen_s instead. To disable deprecation, use _CRT_SECURE_NO_WARNINGS. See online help for details.
                 C:\Program Files (x86)\Microsoft Visual Studio 12.0\VC\include\stdio.h(211) : 参见“fopen”的声明
     1>ImageProcessingView.cpp(1323): warning C4018: “<”: 有符号/无符号不匹配
     1>ImageProcessingView.cpp(1332): warning C4244: “=”: 从“double”转换到“unsigned char”，可能丢失数据
     1>ImageProcessingView.cpp(1337): warning C4244: “=”: 从“double”转换到“unsigned char”，可能丢失数据
     1>ImageProcessingView.cpp(1342): warning C4244: “=”: 从“double”转换到“unsigned char”，可能丢失数据
     1>ImageProcessingView.cpp(1321): warning C4101: “color”: 未引用的局部变量
     1>ImageProcessingView.cpp(1371): warning C4996: 'fopen': This function or variable may be unsafe. Consider using fopen_s instead. To disable deprecation, use _CRT_SECURE_NO_WARNINGS. See online help for details.
                 C:\Program Files (x86)\Microsoft Visual Studio 12.0\VC\include\stdio.h(211) : 参见“fopen”的声明
     1>ImageProcessingView.cpp(1372): warning C4996: 'fopen': This function or variable may be unsafe. Consider using fopen_s instead. To disable deprecation, use _CRT_SECURE_NO_WARNINGS. See online help for details.
                 C:\Program Files (x86)\Microsoft Visual Studio 12.0\VC\include\stdio.h(211) : 参见“fopen”的声明
     1>ImageProcessingView.cpp(1380): warning C4018: “<”: 有符号/无符号不匹配
     1>ImageProcessingView.cpp(1378): warning C4101: “color”: 未引用的局部变量
     1>ImageProcessingView.cpp(1423): warning C4996: 'fopen': This function or variable may be unsafe. Consider using fopen_s instead. To disable deprecation, use _CRT_SECURE_NO_WARNINGS. See online help for details.
                 C:\Program Files (x86)\Microsoft Visual Studio 12.0\VC\include\stdio.h(211) : 参见“fopen”的声明
     1>ImageProcessingView.cpp(1438): warning C4018: “<”: 有符号/无符号不匹配
     1>ImageProcessingView.cpp(1509): warning C4996: 'fopen': This function or variable may be unsafe. Consider using fopen_s instead. To disable deprecation, use _CRT_SECURE_NO_WARNINGS. See online help for details.
                 C:\Program Files (x86)\Microsoft Visual Studio 12.0\VC\include\stdio.h(211) : 参见“fopen”的声明
     1>ImageProcessingView.cpp(1513): warning C4996: 'fopen': This function or variable may be unsafe. Consider using fopen_s instead. To disable deprecation, use _CRT_SECURE_NO_WARNINGS. See online help for details.
                 C:\Program Files (x86)\Microsoft Visual Studio 12.0\VC\include\stdio.h(211) : 参见“fopen”的声明
     1>ImageProcessingView.cpp(1518): warning C4018: “<”: 有符号/无符号不匹配
     1>ImageProcessingView.cpp(1565): warning C4996: 'fopen': This function or variable may be unsafe. Consider using fopen_s instead. To disable deprecation, use _CRT_SECURE_NO_WARNINGS. See online help for details.
                 C:\Program Files (x86)\Microsoft Visual Studio 12.0\VC\include\stdio.h(211) : 参见“fopen”的声明
     1>ImageProcessingView.cpp(1566): warning C4996: 'fopen': This function or variable may be unsafe. Consider using fopen_s instead. To disable deprecation, use _CRT_SECURE_NO_WARNINGS. See online help for details.
                 C:\Program Files (x86)\Microsoft Visual Studio 12.0\VC\include\stdio.h(211) : 参见“fopen”的声明
     1>ImageProcessingView.cpp(1679): warning C4996: 'fopen': This function or variable may be unsafe. Consider using fopen_s instead. To disable deprecation, use _CRT_SECURE_NO_WARNINGS. See online help for details.
                 C:\Program Files (x86)\Microsoft Visual Studio 12.0\VC\include\stdio.h(211) : 参见“fopen”的声明
     1>ImageProcessingView.cpp(1680): warning C4996: 'fopen': This function or variable may be unsafe. Consider using fopen_s instead. To disable deprecation, use _CRT_SECURE_NO_WARNINGS. See online help for details.
                 C:\Program Files (x86)\Microsoft Visual Studio 12.0\VC\include\stdio.h(211) : 参见“fopen”的声明
     1>ImageProcessingView.cpp(1696): warning C4018: “<”: 有符号/无符号不匹配
     1>ImageProcessingView.cpp(1730): warning C4996: 'fopen': This function or variable may be unsafe. Consider using fopen_s instead. To disable deprecation, use _CRT_SECURE_NO_WARNINGS. See online help for details.
                 C:\Program Files (x86)\Microsoft Visual Studio 12.0\VC\include\stdio.h(211) : 参见“fopen”的声明
     1>ImageProcessingView.cpp(1731): warning C4996: 'fopen': This function or variable may be unsafe. Consider using fopen_s instead. To disable deprecation, use _CRT_SECURE_NO_WARNINGS. See online help for details.
                 C:\Program Files (x86)\Microsoft Visual Studio 12.0\VC\include\stdio.h(211) : 参见“fopen”的声明
     1>ImageProcessingView.cpp(1747): warning C4018: “<”: 有符号/无符号不匹配
     1>ImageProcessingView.cpp(1788): warning C4996: 'fopen': This function or variable may be unsafe. Consider using fopen_s instead. To disable deprecation, use _CRT_SECURE_NO_WARNINGS. See online help for details.
                 C:\Program Files (x86)\Microsoft Visual Studio 12.0\VC\include\stdio.h(211) : 参见“fopen”的声明
     1>ImageProcessingView.cpp(1789): warning C4996: 'fopen': This function or variable may be unsafe. Consider using fopen_s instead. To disable deprecation, use _CRT_SECURE_NO_WARNINGS. See online help for details.
                 C:\Program Files (x86)\Microsoft Visual Studio 12.0\VC\include\stdio.h(211) : 参见“fopen”的声明
     1>ImageProcessingView.cpp(1819): warning C4018: “<”: 有符号/无符号不匹配
     1>ImageProcessingView.cpp(1835): warning C4018: “<”: 有符号/无符号不匹配
     1>ImageProcessingView.cpp(1896): warning C4996: 'fopen': This function or variable may be unsafe. Consider using fopen_s instead. To disable deprecation, use _CRT_SECURE_NO_WARNINGS. See online help for details.
                 C:\Program Files (x86)\Microsoft Visual Studio 12.0\VC\include\stdio.h(211) : 参见“fopen”的声明
     1>ImageProcessingView.cpp(1897): warning C4996: 'fopen': This function or variable may be unsafe. Consider using fopen_s instead. To disable deprecation, use _CRT_SECURE_NO_WARNINGS. See online help for details.
                 C:\Program Files (x86)\Microsoft Visual Studio 12.0\VC\include\stdio.h(211) : 参见“fopen”的声明
     1>ImageProcessingView.cpp(1961): warning C4018: “<”: 有符号/无符号不匹配
     1>ImageProcessingView.cpp(2030): warning C4305: “初始化”: 从“double”到“float”截断
     1>ImageProcessingView.cpp(2033): warning C4996: 'fopen': This function or variable may be unsafe. Consider using fopen_s instead. To disable deprecation, use _CRT_SECURE_NO_WARNINGS. See online help for details.
                 C:\Program Files (x86)\Microsoft Visual Studio 12.0\VC\include\stdio.h(211) : 参见“fopen”的声明
     1>ImageProcessingView.cpp(2034): warning C4996: 'fopen': This function or variable may be unsafe. Consider using fopen_s instead. To disable deprecation, use _CRT_SECURE_NO_WARNINGS. See online help for details.
                 C:\Program Files (x86)\Microsoft Visual Studio 12.0\VC\include\stdio.h(211) : 参见“fopen”的声明
     1>ImageProcessingView.cpp(2049): warning C4018: “<”: 有符号/无符号不匹配
     1>ImageProcessingView.cpp(2104): warning C4996: 'fopen': This function or variable may be unsafe. Consider using fopen_s instead. To disable deprecation, use _CRT_SECURE_NO_WARNINGS. See online help for details.
                 C:\Program Files (x86)\Microsoft Visual Studio 12.0\VC\include\stdio.h(211) : 参见“fopen”的声明
     1>ImageProcessingView.cpp(2105): warning C4996: 'fopen': This function or variable may be unsafe. Consider using fopen_s instead. To disable deprecation, use _CRT_SECURE_NO_WARNINGS. See online help for details.
                 C:\Program Files (x86)\Microsoft Visual Studio 12.0\VC\include\stdio.h(211) : 参见“fopen”的声明
     1>ImageProcessingView.cpp(2141): warning C4018: “<”: 有符号/无符号不匹配
     1>ImageProcessingView.cpp(2221): warning C4996: 'fopen': This function or variable may be unsafe. Consider using fopen_s instead. To disable deprecation, use _CRT_SECURE_NO_WARNINGS. See online help for details.
                 C:\Program Files (x86)\Microsoft Visual Studio 12.0\VC\include\stdio.h(211) : 参见“fopen”的声明
     1>ImageProcessingView.cpp(2222): warning C4996: 'fopen': This function or variable may be unsafe. Consider using fopen_s instead. To disable deprecation, use _CRT_SECURE_NO_WARNINGS. See online help for details.
                 C:\Program Files (x86)\Microsoft Visual Studio 12.0\VC\include\stdio.h(211) : 参见“fopen”的声明
     1>ImageProcessingView.cpp(2237): warning C4018: “<”: 有符号/无符号不匹配
     1>ImageProcessingView.cpp(2287): warning C4996: 'fopen': This function or variable may be unsafe. Consider using fopen_s instead. To disable deprecation, use _CRT_SECURE_NO_WARNINGS. See online help for details.
                 C:\Program Files (x86)\Microsoft Visual Studio 12.0\VC\include\stdio.h(211) : 参见“fopen”的声明
     1>ImageProcessingView.cpp(2288): warning C4996: 'fopen': This function or variable may be unsafe. Consider using fopen_s instead. To disable deprecation, use _CRT_SECURE_NO_WARNINGS. See online help for details.
                 C:\Program Files (x86)\Microsoft Visual Studio 12.0\VC\include\stdio.h(211) : 参见“fopen”的声明
     1>ImageProcessingView.cpp(2306): warning C4018: “<”: 有符号/无符号不匹配
     1>ImageProcessingView.cpp(2315): warning C4018: “>”: 有符号/无符号不匹配
     1>ImageProcessingView.cpp(2299): warning C4101: “TB”: 未引用的局部变量
     1>ImageProcessingView.cpp(2299): warning C4101: “TG”: 未引用的局部变量
     1>ImageProcessingView.cpp(2396): warning C4996: 'fopen': This function or variable may be unsafe. Consider using fopen_s instead. To disable deprecation, use _CRT_SECURE_NO_WARNINGS. See online help for details.
                 C:\Program Files (x86)\Microsoft Visual Studio 12.0\VC\include\stdio.h(211) : 参见“fopen”的声明
     1>ImageProcessingView.cpp(2397): warning C4996: 'fopen': This function or variable may be unsafe. Consider using fopen_s instead. To disable deprecation, use _CRT_SECURE_NO_WARNINGS. See online help for details.
                 C:\Program Files (x86)\Microsoft Visual Studio 12.0\VC\include\stdio.h(211) : 参见“fopen”的声明
     1>ImageProcessingView.cpp(2412): warning C4018: “<”: 有符号/无符号不匹配
     1>ImageProcessingView.cpp(2472): warning C4996: 'fopen': This function or variable may be unsafe. Consider using fopen_s instead. To disable deprecation, use _CRT_SECURE_NO_WARNINGS. See online help for details.
                 C:\Program Files (x86)\Microsoft Visual Studio 12.0\VC\include\stdio.h(211) : 参见“fopen”的声明
     1>ImageProcessingView.cpp(2473): warning C4996: 'fopen': This function or variable may be unsafe. Consider using fopen_s instead. To disable deprecation, use _CRT_SECURE_NO_WARNINGS. See online help for details.
                 C:\Program Files (x86)\Microsoft Visual Studio 12.0\VC\include\stdio.h(211) : 参见“fopen”的声明
     1>ImageProcessingView.cpp(2487): warning C4018: “<”: 有符号/无符号不匹配
     1>ImageProcessingView.cpp(2548): warning C4996: 'fopen': This function or variable may be unsafe. Consider using fopen_s instead. To disable deprecation, use _CRT_SECURE_NO_WARNINGS. See online help for details.
                 C:\Program Files (x86)\Microsoft Visual Studio 12.0\VC\include\stdio.h(211) : 参见“fopen”的声明
     1>ImageProcessingView.cpp(2549): warning C4996: 'fopen': This function or variable may be unsafe. Consider using fopen_s instead. To disable deprecation, use _CRT_SECURE_NO_WARNINGS. See online help for details.
                 C:\Program Files (x86)\Microsoft Visual Studio 12.0\VC\include\stdio.h(211) : 参见“fopen”的声明
     1>ImageProcessingView.cpp(2564): warning C4018: “<”: 有符号/无符号不匹配
     1>ImageProcessingView.cpp(2633): warning C4244: “初始化”: 从“double”转换到“float”，可能丢失数据
     1>ImageProcessingView.cpp(2636): warning C4244: “初始化”: 从“double”转换到“float”，可能丢失数据
     1>ImageProcessingView.cpp(2638): warning C4996: 'fopen': This function or variable may be unsafe. Consider using fopen_s instead. To disable deprecation, use _CRT_SECURE_NO_WARNINGS. See online help for details.
                 C:\Program Files (x86)\Microsoft Visual Studio 12.0\VC\include\stdio.h(211) : 参见“fopen”的声明
     1>ImageProcessingView.cpp(2639): warning C4996: 'fopen': This function or variable may be unsafe. Consider using fopen_s instead. To disable deprecation, use _CRT_SECURE_NO_WARNINGS. See online help for details.
                 C:\Program Files (x86)\Microsoft Visual Studio 12.0\VC\include\stdio.h(211) : 参见“fopen”的声明
     1>ImageProcessingView.cpp(2654): warning C4018: “<”: 有符号/无符号不匹配
     1>ImageProcessingView.cpp(2723): warning C4996: 'fopen': This function or variable may be unsafe. Consider using fopen_s instead. To disable deprecation, use _CRT_SECURE_NO_WARNINGS. See online help for details.
                 C:\Program Files (x86)\Microsoft Visual Studio 12.0\VC\include\stdio.h(211) : 参见“fopen”的声明
     1>ImageProcessingView.cpp(2724): warning C4996: 'fopen': This function or variable may be unsafe. Consider using fopen_s instead. To disable deprecation, use _CRT_SECURE_NO_WARNINGS. See online help for details.
                 C:\Program Files (x86)\Microsoft Visual Studio 12.0\VC\include\stdio.h(211) : 参见“fopen”的声明
     1>ImageProcessingView.cpp(2738): warning C4018: “<”: 有符号/无符号不匹配
         ImagePYDlg.cpp
         ImageSFDlg.cpp
         ImageXZDlg.cpp
         ImageZFTDlg.cpp
         MainFrm.cpp
         正在生成代码...
       ResourceCompile:
         C:\Program Files (x86)\Windows Kits\8.1\bin\x86\rc.exe /D NDEBUG /D _VC80_UPGRADE=0x0600 /D _AFXDLL /l"0x0804" /nologo /fo".\Release\ImageProcessing.res" ImageProcessing.rc 
       Link:
         C:\Program Files (x86)\Microsoft Visual Studio 12.0\VC\bin\link.exe /ERRORREPORT:PROMPT /OUT:".\Release\ImageProcessing.exe" /INCREMENTAL:NO /NOLOGO /MANIFEST /MANIFESTUAC:"level='asInvoker' uiAccess='false'" /manifest:embed /manifestinput:"C:\Program Files (x86)\Microsoft Visual Studio 12.0\VC\Include\Manifest\dpiaware.manifest" /PDB:".\Release\ImageProcessing.pdb" /SUBSYSTEM:WINDOWS /TLBID:1 /DYNAMICBASE /NXCOMPAT /IMPLIB:".\Release\ImageProcessing.lib" /MACHINE:X86 /SAFESEH .\Release\ImageProcessing.res
         .\Release\ImageCYDlg.obj
         .\Release\ImageProcessing.obj
         .\Release\ImageProcessingDoc.obj
         .\Release\ImageProcessingView.obj
         .\Release\ImagePYDlg.obj
         .\Release\ImageSFDlg.obj
         .\Release\ImageXZDlg.obj
         .\Release\ImageZFTDlg.obj
         .\Release\MainFrm.obj
         .\Release\StdAfx.obj
         ImageProcessing.vcxproj -> C:\Users\wang2\Desktop\图像处理 图像增强 锐化 平滑\ImageProcessing\.\Release\ImageProcessing.exe
     1>已完成生成项目“C:\Users\wang2\Desktop\图像处理 图像增强 锐化 平滑\ImageProcessing\ImageProcessing.vcxproj”(Build 个目标)的操作。

生成成功。

已用时间 00:00:03.24
