生成启动时间为 2016/12/5 星期一 21:24:19。
     1>项目“F:\three\图片灰度化\read\read.vcxproj”在节点 2 上(Build 个目标)。
     1>ClCompile:
         C:\Program Files (x86)\Microsoft Visual Studio 12.0\VC\bin\CL.exe /c /Zi /nologo /W3 /WX- /O2 /Oi /Oy- /GL /D WIN32 /D _WINDOWS /D NDEBUG /D _UNICODE /D UNICODE /D _AFXDLL /Gm- /EHsc /MD /GS /Gy /fp:precise /Zc:wchar_t /Zc:forScope /Yc"stdafx.h" /Fp"Release\图片处理.pch" /Fo"Release\\" /Fd"Release\vc120.pdb" /Gd /TP /analyze- /errorReport:prompt stdafx.cpp
         stdafx.cpp
         C:\Program Files (x86)\Microsoft Visual Studio 12.0\VC\bin\CL.exe /c /Zi /nologo /W3 /WX- /O2 /Oi /Oy- /GL /D WIN32 /D _WINDOWS /D NDEBUG /D _UNICODE /D UNICODE /D _AFXDLL /Gm- /EHsc /MD /GS /Gy /fp:precise /Zc:wchar_t /Zc:forScope /Yu"stdafx.h" /Fp"Release\图片处理.pch" /Fo"Release\\" /Fd"Release\vc120.pdb" /Gd /TP /analyze- /errorReport:prompt read.cpp readDlg.cpp
         read.cpp
         readDlg.cpp
     1>readDlg.cpp(20): warning C4305: “初始化”: 从“double”到“float”截断
     1>readDlg.cpp(21): warning C4305: “初始化”: 从“double”到“float”截断
     1>readDlg.cpp(22): warning C4305: “初始化”: 从“double”到“float”截断
     1>readDlg.cpp(220): warning C4244: “初始化”: 从“LONG”转换到“float”，可能丢失数据
     1>readDlg.cpp(273): warning C4996: 'fopen': This function or variable may be unsafe. Consider using fopen_s instead. To disable deprecation, use _CRT_SECURE_NO_WARNINGS. See online help for details.
                 C:\Program Files (x86)\Microsoft Visual Studio 12.0\VC\include\stdio.h(211) : 参见“fopen”的声明
     1>readDlg.cpp(319): warning C4996: 'fopen': This function or variable may be unsafe. Consider using fopen_s instead. To disable deprecation, use _CRT_SECURE_NO_WARNINGS. See online help for details.
                 C:\Program Files (x86)\Microsoft Visual Studio 12.0\VC\include\stdio.h(211) : 参见“fopen”的声明
     1>readDlg.cpp(417): warning C4244: “=”: 从“float”转换到“int”，可能丢失数据
     1>readDlg.cpp(430): warning C4244: “=”: 从“double”转换到“int”，可能丢失数据
     1>readDlg.cpp(468): warning C4244: “初始化”: 从“LONG”转换到“float”，可能丢失数据
     1>readDlg.cpp(392): warning C4101: “k”: 未引用的局部变量
     1>readDlg.cpp(501): warning C4305: “=”: 从“double”到“float”截断
     1>readDlg.cpp(502): warning C4305: “=”: 从“double”到“float”截断
     1>readDlg.cpp(503): warning C4305: “=”: 从“double”到“float”截断
       ResourceCompile:
         C:\Program Files (x86)\Windows Kits\8.1\bin\x86\rc.exe /D NDEBUG /D _UNICODE /D UNICODE /D _AFXDLL /l"0x0804" /IRelease\ /nologo /fo"Release\read.res" read.rc 
       Link:
         C:\Program Files (x86)\Microsoft Visual Studio 12.0\VC\bin\link.exe /ERRORREPORT:PROMPT /OUT:"F:\three\图片灰度化\Release\图片处理.exe" /INCREMENTAL:NO /NOLOGO /MANIFEST /MANIFESTUAC:"level='asInvoker' uiAccess='false'" /manifest:embed /manifestinput:"C:\Program Files (x86)\Microsoft Visual Studio 12.0\VC\Include\Manifest\dpiaware.manifest" /DEBUG /PDB:"F:\three\图片灰度化\Release\图片处理.pdb" /SUBSYSTEM:WINDOWS /OPT:REF /OPT:ICF /LTCG /TLBID:1 /ENTRY:"wWinMainCRTStartup" /DYNAMICBASE /NXCOMPAT /IMPLIB:"F:\three\图片灰度化\Release\图片处理.lib" /MACHINE:X86 /SAFESEH Release\read.res
         Release\read.obj
         Release\readDlg.obj
         Release\stdafx.obj
         正在生成代码
         已完成代码的生成
         read.vcxproj -> F:\three\图片灰度化\Release\图片处理.exe
     1>已完成生成项目“F:\three\图片灰度化\read\read.vcxproj”(Build 个目标)的操作。

生成成功。

已用时间 00:00:05.60
